-------------------------------------------------------------------------------
Test set: com.example.server.LoginServiceTest
-------------------------------------------------------------------------------
Tests run: 2, Failures: 1, Errors: 0, Skipped: 0, Time elapsed: 2.045 s <<< FAILURE! - in com.example.server.LoginServiceTest
testLoginSuccess  Time elapsed: 1.97 s  <<< FAILURE!
org.opentest4j.AssertionFailedError: expected: <Login successful> but was: <Invalid username or password>
	at com.example.server.LoginServiceTest.testLoginSuccess(LoginServiceTest.java:36)

