<?xml version="1.0" encoding="UTF-8"?>
<testsuite xmlns:xsi="http://www.w3.org/2001/XMLSchema-instance" xsi:noNamespaceSchemaLocation="https://maven.apache.org/surefire/maven-surefire-plugin/xsd/surefire-test-report.xsd" name="com.example.server.LoginServiceTest" time="2.045" tests="2" errors="0" skipped="0" failures="1">
  <properties>
[...]
</properties>
  <testcase name="testLoginSuccess" classname="com.example.server.LoginServiceTest" time="1.97">
    <failure message="expected: &lt;Login successful&gt; but was: &lt;Invalid username or password&gt;" type="org.opentest4j.AssertionFailedError"><![CDATA[org.opentest4j.AssertionFailedError: expected: <Login successful> but was: <Invalid username or password>
	at com.example.server.LoginServiceTest.testLoginSuccess(LoginServiceTest.java:36)
]]></failure>
  </testcase>
  <testcase name="testLoginFailure" classname="com.example.server.LoginServiceTest" time="0.003"/>
</testsuite>